  [1m[35m (1169.6ms)[0m  [1m[35mCREATE DATABASE "qrcodec_api_development" ENCODING = 'unicode'[0m
  [1m[35m (390.4ms)[0m  [1m[35mCREATE DATABASE "qrcodec_api_test" ENCODING = 'unicode'[0m
  [1m[35m (57.6ms)[0m  [1m[35mCREATE TABLE "schema_migrations" ("version" character varying NOT NULL PRIMARY KEY)[0m
  [1m[35m (30.7ms)[0m  [1m[35mCREATE TABLE "ar_internal_metadata" ("key" character varying NOT NULL PRIMARY KEY, "value" character varying, "created_at" timestamp(6) NOT NULL, "updated_at" timestamp(6) NOT NULL)[0m
  [1m[35m (0.5ms)[0m  [1m[34mSELECT pg_try_advisory_lock(8655802698859110165)[0m
  [1m[35m (1.1ms)[0m  [1m[34mSELECT "schema_migrations"."version" FROM "schema_migrations" ORDER BY "schema_migrations"."version" ASC[0m
Migrating to CreateQrcs (20201213052005)
  [1m[36mTRANSACTION (0.3ms)[0m  [1m[35mBEGIN[0m
  [1m[35m (18.1ms)[0m  [1m[35mCREATE TABLE "qrcs" ("id" bigserial primary key, "num" character varying, "discount" character varying, "created_at" timestamp(6) NOT NULL, "updated_at" timestamp(6) NOT NULL)[0m
  [1m[36mActiveRecord::SchemaMigration Create (2.4ms)[0m  [1m[32mINSERT INTO "schema_migrations" ("version") VALUES ($1) RETURNING "version"[0m  [["version", "20201213052005"]]
  [1m[36mTRANSACTION (1.6ms)[0m  [1m[35mCOMMIT[0m
  [1m[36mActiveRecord::InternalMetadata Load (0.8ms)[0m  [1m[34mSELECT "ar_internal_metadata".* FROM "ar_internal_metadata" WHERE "ar_internal_metadata"."key" = $1 LIMIT $2[0m  [["key", "environment"], ["LIMIT", 1]]
  [1m[36mTRANSACTION (0.4ms)[0m  [1m[35mBEGIN[0m
  [1m[36mActiveRecord::InternalMetadata Create (2.3ms)[0m  [1m[32mINSERT INTO "ar_internal_metadata" ("key", "value", "created_at", "updated_at") VALUES ($1, $2, $3, $4) RETURNING "key"[0m  [["key", "environment"], ["value", "development"], ["created_at", "2020-12-13 05:21:05.629752"], ["updated_at", "2020-12-13 05:21:05.629752"]]
  [1m[36mTRANSACTION (0.6ms)[0m  [1m[35mCOMMIT[0m
  [1m[35m (0.5ms)[0m  [1m[34mSELECT pg_advisory_unlock(8655802698859110165)[0m
  [1m[35m (2.0ms)[0m  [1m[34mSELECT "schema_migrations"."version" FROM "schema_migrations" ORDER BY "schema_migrations"."version" ASC[0m
  [1m[35m (1.6ms)[0m  [1m[34mSELECT "schema_migrations"."version" FROM "schema_migrations" ORDER BY "schema_migrations"."version" ASC[0m
  [1m[36mTRANSACTION (0.4ms)[0m  [1m[35mBEGIN[0m
  [1m[36mQrc Create (3.1ms)[0m  [1m[32mINSERT INTO "qrcs" ("num", "discount", "created_at", "updated_at") VALUES ($1, $2, $3, $4) RETURNING "id"[0m  [["num", "Burrito"], ["discount", "free burrito at Chipotle"], ["created_at", "2020-12-13 05:26:56.838993"], ["updated_at", "2020-12-13 05:26:56.838993"]]
  [1m[36mTRANSACTION (0.7ms)[0m  [1m[35mCOMMIT[0m
  [1m[36mTRANSACTION (0.3ms)[0m  [1m[35mBEGIN[0m
  [1m[36mQrc Create (0.6ms)[0m  [1m[32mINSERT INTO "qrcs" ("num", "discount", "created_at", "updated_at") VALUES ($1, $2, $3, $4) RETURNING "id"[0m  [["num", "Lat4"], ["discount", "free Latte at Starbucks"], ["created_at", "2020-12-13 05:26:56.848022"], ["updated_at", "2020-12-13 05:26:56.848022"]]
  [1m[36mTRANSACTION (0.7ms)[0m  [1m[35mCOMMIT[0m
  [1m[36mTRANSACTION (0.3ms)[0m  [1m[35mBEGIN[0m
  [1m[36mQrc Create (0.6ms)[0m  [1m[32mINSERT INTO "qrcs" ("num", "discount", "created_at", "updated_at") VALUES ($1, $2, $3, $4) RETURNING "id"[0m  [["num", "Xmas"], ["discount", "free Chirstmas cookie at Starbucks"], ["created_at", "2020-12-13 05:26:56.853482"], ["updated_at", "2020-12-13 05:26:56.853482"]]
  [1m[36mTRANSACTION (0.7ms)[0m  [1m[35mCOMMIT[0m
  [1m[36mTRANSACTION (0.3ms)[0m  [1m[35mBEGIN[0m
  [1m[36mQrc Create (0.6ms)[0m  [1m[32mINSERT INTO "qrcs" ("num", "discount", "created_at", "updated_at") VALUES ($1, $2, $3, $4) RETURNING "id"[0m  [["num", "Guacc"], ["discount", "free guaccamole and chips at Chipotle"], ["created_at", "2020-12-13 05:26:56.859297"], ["updated_at", "2020-12-13 05:26:56.859297"]]
  [1m[36mTRANSACTION (0.7ms)[0m  [1m[35mCOMMIT[0m
  [1m[36mTRANSACTION (0.3ms)[0m  [1m[35mBEGIN[0m
  [1m[36mQrc Create (0.6ms)[0m  [1m[32mINSERT INTO "qrcs" ("num", "discount", "created_at", "updated_at") VALUES ($1, $2, $3, $4) RETURNING "id"[0m  [["num", "Welcome!"], ["discount", "free Beer at Chipotlet"], ["created_at", "2020-12-13 05:26:56.865132"], ["updated_at", "2020-12-13 05:26:56.865132"]]
  [1m[36mTRANSACTION (0.7ms)[0m  [1m[35mCOMMIT[0m
Started GET "/qrc" for ::1 at 2020-12-12 21:27:11 -0800
  [1m[35m (1.3ms)[0m  [1m[34mSELECT "schema_migrations"."version" FROM "schema_migrations" ORDER BY "schema_migrations"."version" ASC[0m
  
ActionController::RoutingError (No route matches [GET] "/qrc"):
  
Started GET "/qrcs" for ::1 at 2020-12-12 21:27:14 -0800
Processing by QrcsController#index as HTML
  [1m[36mQrc Load (1.0ms)[0m  [1m[34mSELECT "qrcs".* FROM "qrcs"[0m
  ↳ app/controllers/qrcs_controller.rb:8:in `index'
Completed 200 OK in 62ms (Views: 37.2ms | ActiveRecord: 20.3ms | Allocations: 4535)


Started GET "/qrcs" for ::1 at 2020-12-12 21:32:52 -0800
Processing by QrcsController#index as */*
  [1m[36mQrc Load (1.6ms)[0m  [1m[34mSELECT "qrcs".* FROM "qrcs"[0m
  ↳ app/controllers/qrcs_controller.rb:8:in `index'
Completed 200 OK in 32ms (Views: 25.9ms | ActiveRecord: 1.6ms | Allocations: 1077)


Started GET "/qrcs" for ::1 at 2020-12-12 21:34:49 -0800
Processing by QrcsController#index as */*
  [1m[36mQrc Load (3.7ms)[0m  [1m[34mSELECT "qrcs".* FROM "qrcs"[0m
  ↳ app/controllers/qrcs_controller.rb:8:in `index'
Completed 200 OK in 153ms (Views: 127.2ms | ActiveRecord: 3.7ms | Allocations: 1057)


Started GET "/qrcs" for ::1 at 2020-12-12 21:35:22 -0800
Processing by QrcsController#index as HTML
  [1m[36mQrc Load (1.4ms)[0m  [1m[34mSELECT "qrcs".* FROM "qrcs"[0m
  ↳ app/controllers/qrcs_controller.rb:8:in `index'
Completed 200 OK in 46ms (Views: 38.4ms | ActiveRecord: 1.4ms | Allocations: 1073)


Started GET "/qrcs" for ::1 at 2020-12-12 21:36:36 -0800
Processing by QrcsController#index as */*
  [1m[36mQrc Load (2.2ms)[0m  [1m[34mSELECT "qrcs".* FROM "qrcs"[0m
  ↳ app/controllers/qrcs_controller.rb:8:in `index'
Completed 200 OK in 65ms (Views: 53.9ms | ActiveRecord: 2.2ms | Allocations: 1055)


Started GET "/qrcs" for ::1 at 2020-12-12 21:36:47 -0800
Processing by QrcsController#index as */*
  [1m[36mQrc Load (15.9ms)[0m  [1m[34mSELECT "qrcs".* FROM "qrcs"[0m
  ↳ app/controllers/qrcs_controller.rb:8:in `index'
Completed 200 OK in 260ms (Views: 233.3ms | ActiveRecord: 15.9ms | Allocations: 1055)


Started OPTIONS "/qrcs" for ::1 at 2020-12-12 21:36:54 -0800
  
ActionController::RoutingError (No route matches [OPTIONS] "/qrcs"):
  
Started OPTIONS "/qrcs" for ::1 at 2020-12-12 21:39:08 -0800
  
ActionController::RoutingError (No route matches [OPTIONS] "/qrcs"):
  
Started OPTIONS "/qrcs" for ::1 at 2020-12-12 21:39:09 -0800
  
ActionController::RoutingError (No route matches [OPTIONS] "/qrcs"):
  
Started GET "/qrcs" for ::1 at 2020-12-12 21:41:30 -0800
Processing by QrcsController#index as */*
  [1m[36mQrc Load (14.8ms)[0m  [1m[34mSELECT "qrcs".* FROM "qrcs"[0m
  ↳ app/controllers/qrcs_controller.rb:8:in `index'
Completed 200 OK in 235ms (Views: 209.5ms | ActiveRecord: 14.8ms | Allocations: 1055)


Started GET "/qrcs" for ::1 at 2020-12-12 21:41:35 -0800
Processing by QrcsController#index as */*
  [1m[36mQrc Load (41.1ms)[0m  [1m[34mSELECT "qrcs".* FROM "qrcs"[0m
  ↳ app/controllers/qrcs_controller.rb:8:in `index'
Completed 200 OK in 77ms (Views: 35.6ms | ActiveRecord: 41.1ms | Allocations: 1055)


Started GET "/qrcs" for ::1 at 2020-12-12 21:41:56 -0800
  [1m[35m (8.3ms)[0m  [1m[34mSELECT "schema_migrations"."version" FROM "schema_migrations" ORDER BY "schema_migrations"."version" ASC[0m
Processing by QrcsController#index as */*
  [1m[36mQrc Load (8.7ms)[0m  [1m[34mSELECT "qrcs".* FROM "qrcs"[0m
  ↳ app/controllers/qrcs_controller.rb:8:in `index'
Completed 200 OK in 82ms (Views: 21.0ms | ActiveRecord: 50.5ms | Allocations: 6181)


Started DELETE "/qrcs/1" for ::1 at 2020-12-12 21:42:07 -0800
Processing by QrcsController#destroy as */*
  Parameters: {"id"=>"1"}
  [1m[36mQrc Load (6.0ms)[0m  [1m[34mSELECT "qrcs".* FROM "qrcs" WHERE "qrcs"."id" = $1 LIMIT $2[0m  [["id", 1], ["LIMIT", 1]]
  ↳ app/controllers/qrcs_controller.rb:44:in `set_qrc'
  [1m[36mTRANSACTION (0.8ms)[0m  [1m[35mBEGIN[0m
  ↳ app/controllers/qrcs_controller.rb:38:in `destroy'
  [1m[36mQrc Destroy (10.1ms)[0m  [1m[31mDELETE FROM "qrcs" WHERE "qrcs"."id" = $1[0m  [["id", 1]]
  ↳ app/controllers/qrcs_controller.rb:38:in `destroy'
  [1m[36mTRANSACTION (2.8ms)[0m  [1m[35mCOMMIT[0m
  ↳ app/controllers/qrcs_controller.rb:38:in `destroy'
Completed 204 No Content in 50ms (ActiveRecord: 21.1ms | Allocations: 2226)


Started GET "/qrcs" for ::1 at 2020-12-12 21:42:07 -0800
Processing by QrcsController#index as */*
  [1m[36mQrc Load (0.8ms)[0m  [1m[34mSELECT "qrcs".* FROM "qrcs"[0m
  ↳ app/controllers/qrcs_controller.rb:8:in `index'
Completed 200 OK in 21ms (Views: 19.8ms | ActiveRecord: 0.8ms | Allocations: 968)


Started GET "/qrcs" for ::1 at 2020-12-12 21:43:47 -0800
Processing by QrcsController#index as */*
  [1m[36mQrc Load (5.5ms)[0m  [1m[34mSELECT "qrcs".* FROM "qrcs"[0m
  ↳ app/controllers/qrcs_controller.rb:8:in `index'
Completed 200 OK in 35ms (Views: 26.1ms | ActiveRecord: 5.5ms | Allocations: 989)


Started GET "/qrcs" for ::1 at 2020-12-12 21:44:17 -0800
Processing by QrcsController#index as */*
  [1m[36mQrc Load (1.3ms)[0m  [1m[34mSELECT "qrcs".* FROM "qrcs"[0m
  ↳ app/controllers/qrcs_controller.rb:8:in `index'
Completed 200 OK in 28ms (Views: 22.1ms | ActiveRecord: 1.3ms | Allocations: 989)


Started GET "/qrcs" for ::1 at 2020-12-12 21:44:39 -0800
Processing by QrcsController#index as */*
  [1m[36mQrc Load (1.3ms)[0m  [1m[34mSELECT "qrcs".* FROM "qrcs"[0m
  ↳ app/controllers/qrcs_controller.rb:8:in `index'
Completed 200 OK in 33ms (Views: 27.1ms | ActiveRecord: 1.3ms | Allocations: 989)


Started GET "/qrcs" for ::1 at 2020-12-12 21:45:40 -0800
Processing by QrcsController#index as */*
  [1m[36mQrc Load (11.6ms)[0m  [1m[34mSELECT "qrcs".* FROM "qrcs"[0m
  ↳ app/controllers/qrcs_controller.rb:8:in `index'
Completed 200 OK in 218ms (Views: 174.6ms | ActiveRecord: 11.6ms | Allocations: 970)


Started GET "/qrcs" for ::1 at 2020-12-12 21:46:22 -0800
Processing by QrcsController#index as */*
  [1m[36mQrc Load (12.5ms)[0m  [1m[34mSELECT "qrcs".* FROM "qrcs"[0m
  ↳ app/controllers/qrcs_controller.rb:8:in `index'
Completed 200 OK in 193ms (Views: 174.5ms | ActiveRecord: 12.5ms | Allocations: 969)


Started GET "/qrcs" for ::1 at 2020-12-12 21:48:35 -0800
Processing by QrcsController#index as */*
  [1m[36mQrc Load (1.8ms)[0m  [1m[34mSELECT "qrcs".* FROM "qrcs"[0m
  ↳ app/controllers/qrcs_controller.rb:8:in `index'
Completed 200 OK in 105ms (Views: 98.3ms | ActiveRecord: 1.8ms | Allocations: 968)


Started GET "/qrcs" for ::1 at 2020-12-12 21:49:07 -0800
Processing by QrcsController#index as */*
  [1m[36mQrc Load (1.2ms)[0m  [1m[34mSELECT "qrcs".* FROM "qrcs"[0m
  ↳ app/controllers/qrcs_controller.rb:8:in `index'
Completed 200 OK in 32ms (Views: 26.5ms | ActiveRecord: 1.2ms | Allocations: 968)


Started DELETE "/qrcs/2" for ::1 at 2020-12-12 21:56:32 -0800
Processing by QrcsController#destroy as */*
  Parameters: {"id"=>"2"}
  [1m[36mQrc Load (19.6ms)[0m  [1m[34mSELECT "qrcs".* FROM "qrcs" WHERE "qrcs"."id" = $1 LIMIT $2[0m  [["id", 2], ["LIMIT", 1]]
  ↳ app/controllers/qrcs_controller.rb:44:in `set_qrc'
  [1m[36mTRANSACTION (44.2ms)[0m  [1m[35mBEGIN[0m
  ↳ app/controllers/qrcs_controller.rb:38:in `destroy'
  [1m[36mQrc Destroy (71.8ms)[0m  [1m[31mDELETE FROM "qrcs" WHERE "qrcs"."id" = $1[0m  [["id", 2]]
  ↳ app/controllers/qrcs_controller.rb:38:in `destroy'
  [1m[36mTRANSACTION (23.0ms)[0m  [1m[35mCOMMIT[0m
  ↳ app/controllers/qrcs_controller.rb:38:in `destroy'
Completed 204 No Content in 874ms (ActiveRecord: 342.9ms | Allocations: 3857)


Started GET "/qrcs" for ::1 at 2020-12-12 21:56:33 -0800
Processing by QrcsController#index as */*
  [1m[36mQrc Load (2.2ms)[0m  [1m[34mSELECT "qrcs".* FROM "qrcs"[0m
  ↳ app/controllers/qrcs_controller.rb:8:in `index'
Completed 200 OK in 56ms (Views: 52.5ms | ActiveRecord: 2.2ms | Allocations: 881)


Started GET "/qrcs" for ::1 at 2020-12-12 21:59:21 -0800
Processing by QrcsController#index as */*
  [1m[36mQrc Load (1.1ms)[0m  [1m[34mSELECT "qrcs".* FROM "qrcs"[0m
  ↳ app/controllers/qrcs_controller.rb:8:in `index'
Completed 200 OK in 54ms (Views: 47.4ms | ActiveRecord: 1.1ms | Allocations: 880)


Started POST "/qrcs" for ::1 at 2020-12-12 22:03:31 -0800
Processing by QrcsController#create as */*
  Parameters: {"num"=>"", "discount"=>"", "qrc"=>{"num"=>"", "discount"=>""}}
  [1m[36mTRANSACTION (67.2ms)[0m  [1m[35mBEGIN[0m
  ↳ app/controllers/qrcs_controller.rb:20:in `create'
  [1m[36mQrc Create (990.4ms)[0m  [1m[32mINSERT INTO "qrcs" ("num", "discount", "created_at", "updated_at") VALUES ($1, $2, $3, $4) RETURNING "id"[0m  [["num", ""], ["discount", ""], ["created_at", "2020-12-13 06:03:32.909356"], ["updated_at", "2020-12-13 06:03:32.909356"]]
  ↳ app/controllers/qrcs_controller.rb:20:in `create'
  [1m[36mTRANSACTION (36.1ms)[0m  [1m[35mCOMMIT[0m
  ↳ app/controllers/qrcs_controller.rb:20:in `create'
Completed 201 Created in 2763ms (Views: 128.8ms | ActiveRecord: 1093.7ms | Allocations: 2003)


Started GET "/qrcs" for ::1 at 2020-12-12 22:03:34 -0800
Processing by QrcsController#index as */*
  [1m[36mQrc Load (32.4ms)[0m  [1m[34mSELECT "qrcs".* FROM "qrcs"[0m
  ↳ app/controllers/qrcs_controller.rb:8:in `index'
Completed 200 OK in 107ms (Views: 68.3ms | ActiveRecord: 32.4ms | Allocations: 968)


Started GET "/qrcs" for ::1 at 2020-12-12 22:06:46 -0800
Processing by QrcsController#index as */*
  [1m[36mQrc Load (19.2ms)[0m  [1m[34mSELECT "qrcs".* FROM "qrcs"[0m
  ↳ app/controllers/qrcs_controller.rb:8:in `index'
Completed 200 OK in 146ms (Views: 122.5ms | ActiveRecord: 19.2ms | Allocations: 968)


